INFO 2020-05-21 16:51:54,585 basehttp 18073 140679458346752 "GET / HTTP/1.1" 200 7522
INFO 2020-05-21 16:51:56,705 basehttp 18073 140679458346752 "POST /update_item/ HTTP/1.1" 200 16
INFO 2020-05-21 16:51:56,788 basehttp 18073 140679458346752 "GET / HTTP/1.1" 200 7522
INFO 2020-05-21 16:52:00,058 basehttp 18073 140679458346752 "GET /cart/ HTTP/1.1" 200 7343
INFO 2020-05-21 16:52:04,175 basehttp 18073 140679458346752 "POST /update_item/ HTTP/1.1" 200 16
INFO 2020-05-21 16:52:04,285 basehttp 18073 140679458346752 "GET /cart/ HTTP/1.1" 200 7343
INFO 2020-05-21 16:52:06,035 basehttp 18073 140679458346752 "GET /checkout/ HTTP/1.1" 200 10847
INFO 2020-05-21 16:53:06,714 basehttp 18073 140679458346752 "GET / HTTP/1.1" 200 7522
INFO 2020-05-21 16:53:08,912 basehttp 18073 140679458346752 "GET / HTTP/1.1" 200 7522
INFO 2020-05-21 16:53:10,910 basehttp 18073 140679458346752 "GET /cart/ HTTP/1.1" 200 7343
INFO 2020-05-21 16:53:12,845 basehttp 18073 140679458346752 "POST /update_item/ HTTP/1.1" 200 16
INFO 2020-05-21 16:53:12,919 basehttp 18073 140679458346752 "GET /cart/ HTTP/1.1" 200 7343
INFO 2020-05-21 16:53:13,914 basehttp 18073 140679458346752 "POST /update_item/ HTTP/1.1" 200 16
INFO 2020-05-21 16:53:14,059 basehttp 18073 140679458346752 "GET /cart/ HTTP/1.1" 200 6508
INFO 2020-05-21 16:53:16,026 basehttp 18073 140679458346752 "GET / HTTP/1.1" 200 7522
INFO 2020-05-21 17:08:49,411 autoreload 19050 140059459622656 Watching for file changes with StatReloader
INFO 2020-05-21 17:08:50,485 basehttp 19050 140059276543744 "GET / HTTP/1.1" 200 7522
INFO 2020-05-21 17:08:53,269 basehttp 19050 140059276543744 "GET / HTTP/1.1" 200 7522
INFO 2020-05-21 17:10:34,083 basehttp 19050 140059276543744 "GET / HTTP/1.1" 200 7522
INFO 2020-05-21 17:11:16,650 basehttp 19050 140059276543744 "GET / HTTP/1.1" 200 7576
INFO 2020-05-21 17:11:28,327 basehttp 19050 140059276543744 "GET /cart/ HTTP/1.1" 200 6508
INFO 2020-05-21 17:11:30,786 basehttp 19050 140059276543744 "GET / HTTP/1.1" 200 7576
INFO 2020-05-21 17:11:33,285 basehttp 19050 140059276543744 "GET / HTTP/1.1" 200 7576
INFO 2020-05-21 17:11:34,647 basehttp 19050 140059276543744 "GET / HTTP/1.1" 200 7576
INFO 2020-05-21 17:12:32,763 basehttp 19050 140059276543744 "GET / HTTP/1.1" 200 7585
INFO 2020-05-21 17:12:56,145 basehttp 19050 140059276543744 "GET / HTTP/1.1" 200 7603
INFO 2020-05-21 17:13:11,517 basehttp 19050 140059276543744 "POST /update_item/ HTTP/1.1" 200 16
INFO 2020-05-21 17:13:11,565 basehttp 19050 140059276543744 "GET / HTTP/1.1" 200 7603
INFO 2020-05-21 17:13:14,081 basehttp 19050 140059276543744 "GET /cart/ HTTP/1.1" 200 7367
INFO 2020-05-21 17:15:18,783 basehttp 19050 140059276543744 "GET /cart/ HTTP/1.1" 200 7367
INFO 2020-05-21 17:15:23,352 basehttp 19050 140059276543744 "POST /update_item/ HTTP/1.1" 200 16
INFO 2020-05-21 17:15:23,487 basehttp 19050 140059276543744 "GET /cart/ HTTP/1.1" 200 7367
INFO 2020-05-21 17:15:25,706 basehttp 19050 140059276543744 "GET / HTTP/1.1" 200 7603
INFO 2020-05-21 17:15:51,767 basehttp 19050 140059276543744 "GET /cart/ HTTP/1.1" 200 7367
INFO 2020-05-21 17:16:00,126 basehttp 19050 140059276543744 "GET / HTTP/1.1" 200 7603
INFO 2020-05-21 17:16:10,570 basehttp 19050 140059276543744 "GET /cart/ HTTP/1.1" 200 7367
INFO 2020-05-21 17:16:21,450 basehttp 19050 140059276543744 "GET / HTTP/1.1" 200 7603
INFO 2020-05-21 17:18:25,554 autoreload 19725 140659199850240 Watching for file changes with StatReloader
INFO 2020-05-21 17:23:16,673 basehttp 19725 140659016251136 "GET / HTTP/1.1" 200 7613
INFO 2020-05-21 17:23:17,790 basehttp 19725 140659016251136 "GET / HTTP/1.1" 200 7613
INFO 2020-05-21 17:23:40,863 basehttp 19725 140659016251136 "GET / HTTP/1.1" 200 7596
INFO 2020-05-21 17:24:12,173 basehttp 19725 140659016251136 "GET / HTTP/1.1" 200 7613
INFO 2020-05-21 17:24:51,529 basehttp 19725 140659016251136 "GET / HTTP/1.1" 200 7640
INFO 2020-05-21 17:24:53,957 basehttp 19725 140659016251136 "GET / HTTP/1.1" 200 7640
INFO 2020-05-21 17:24:54,846 basehttp 19725 140659016251136 "GET / HTTP/1.1" 200 7640
INFO 2020-05-21 17:24:55,528 basehttp 19725 140659016251136 "GET / HTTP/1.1" 200 7640
INFO 2020-05-21 17:24:56,674 basehttp 19725 140659016251136 "GET / HTTP/1.1" 200 7640
INFO 2020-05-21 17:25:10,330 basehttp 19725 140659016251136 "GET / HTTP/1.1" 200 7651
INFO 2020-05-21 17:25:11,363 basehttp 19725 140659016251136 "GET / HTTP/1.1" 200 7651
INFO 2020-05-21 17:25:12,182 basehttp 19725 140659016251136 "GET / HTTP/1.1" 200 7651
INFO 2020-05-21 17:25:21,260 basehttp 19725 140659016251136 "GET / HTTP/1.1" 200 7648
INFO 2020-05-21 17:25:22,307 basehttp 19725 140659016251136 "GET / HTTP/1.1" 200 7648
INFO 2020-05-21 17:25:23,073 basehttp 19725 140659016251136 "GET / HTTP/1.1" 200 7648
INFO 2020-05-21 17:25:23,797 basehttp 19725 140659016251136 "GET / HTTP/1.1" 200 7648
INFO 2020-05-21 17:25:40,139 basehttp 19725 140659016251136 "GET / HTTP/1.1" 200 7631
INFO 2020-05-21 17:25:41,260 basehttp 19725 140659016251136 "GET / HTTP/1.1" 200 7631
INFO 2020-05-21 17:25:57,230 basehttp 19725 140659016251136 "GET / HTTP/1.1" 200 7631
INFO 2020-05-21 17:25:59,056 basehttp 19725 140659016251136 "GET /cart/ HTTP/1.1" 200 7395
INFO 2020-05-21 17:26:04,171 basehttp 19725 140659016251136 "GET /checkout/ HTTP/1.1" 200 10898
INFO 2020-05-21 17:26:07,314 basehttp 19725 140659016251136 "GET / HTTP/1.1" 200 7631
INFO 2020-05-21 17:26:16,663 basehttp 19725 140659016251136 "GET /cart/ HTTP/1.1" 200 7395
INFO 2020-05-21 17:26:18,677 basehttp 19725 140659016251136 "POST /update_item/ HTTP/1.1" 200 16
INFO 2020-05-21 17:26:18,794 basehttp 19725 140659016251136 "GET /cart/ HTTP/1.1" 200 7395
INFO 2020-05-21 17:26:19,856 basehttp 19725 140659016251136 "POST /update_item/ HTTP/1.1" 200 16
INFO 2020-05-21 17:26:19,971 basehttp 19725 140659016251136 "GET /cart/ HTTP/1.1" 200 6563
INFO 2020-05-21 17:26:21,397 basehttp 19725 140659016251136 "GET /cart/ HTTP/1.1" 200 6563
INFO 2020-05-21 17:26:24,114 basehttp 19725 140659016251136 "GET / HTTP/1.1" 200 7631
INFO 2020-05-21 17:26:55,393 basehttp 19725 140659016251136 "POST /update_item/ HTTP/1.1" 200 16
INFO 2020-05-21 17:26:55,454 basehttp 19725 140659016251136 "GET / HTTP/1.1" 200 7631
INFO 2020-05-21 17:27:00,225 basehttp 19725 140659016251136 "POST /update_item/ HTTP/1.1" 200 16
INFO 2020-05-21 17:27:00,328 basehttp 19725 140659016251136 "GET / HTTP/1.1" 200 7631
INFO 2020-05-21 17:27:04,054 basehttp 19725 140659016251136 "GET /cart/ HTTP/1.1" 200 8229
INFO 2020-05-21 17:27:18,658 basehttp 19725 140659016251136 "GET / HTTP/1.1" 200 7631
INFO 2020-05-21 17:27:21,149 basehttp 19725 140659016251136 "POST /update_item/ HTTP/1.1" 200 16
INFO 2020-05-21 17:27:21,235 basehttp 19725 140659016251136 "GET / HTTP/1.1" 200 7631
INFO 2020-05-21 17:27:22,926 basehttp 19725 140659016251136 "GET /cart/ HTTP/1.1" 200 8229
INFO 2020-05-21 17:27:25,300 basehttp 19725 140659016251136 "GET /checkout/ HTTP/1.1" 200 11215
INFO 2020-05-21 17:28:18,933 basehttp 19725 140659016251136 "GET / HTTP/1.1" 200 7631
INFO 2020-05-21 17:36:07,402 autoreload 20782 140233356736256 Watching for file changes with StatReloader
INFO 2020-05-23 11:01:57,913 autoreload 24075 140624391702272 Watching for file changes with StatReloader
INFO 2020-05-23 11:02:00,336 basehttp 24075 140624208590592 "GET / HTTP/1.1" 200 7639
INFO 2020-05-23 11:02:00,382 basehttp 24075 140624208590592 "GET /static/images/cart.png HTTP/1.1" 200 92001
INFO 2020-05-23 11:02:00,389 basehttp 24075 140624208590592 "GET /static/css/main.css HTTP/1.1" 304 0
INFO 2020-05-23 11:02:00,402 basehttp 24075 140624200197888 "GET /images/headphones.jpg HTTP/1.1" 304 0
INFO 2020-05-23 11:02:01,061 basehttp 24075 140624173709056 "GET /static/js/cart.js HTTP/1.1" 304 0
INFO 2020-05-23 11:02:01,092 basehttp 24075 140624173709056 "GET /images/watch.jpg HTTP/1.1" 304 0
INFO 2020-05-23 11:02:01,111 basehttp 24075 140624208590592 "GET /images/book.jpg HTTP/1.1" 200 22934
INFO 2020-05-23 11:02:01,122 basehttp 24075 140624182101760 "GET /images/shirt_HB0lGx0.jpg HTTP/1.1" 200 18895
INFO 2020-05-23 11:02:01,123 basehttp 24075 140624200197888 "GET /images/sourcecode.jpg HTTP/1.1" 200 22689
INFO 2020-05-23 11:02:01,133 basehttp 24075 140624190494464 "GET /images/shoes.jpg HTTP/1.1" 200 29593
INFO 2020-05-23 11:02:04,556 basehttp 24075 140624190494464 "GET / HTTP/1.1" 200 7639
INFO 2020-05-23 11:03:08,864 basehttp 24075 140624190494464 "GET / HTTP/1.1" 200 7639
INFO 2020-05-23 11:03:23,298 basehttp 24075 140624190494464 "GET /cart/ HTTP/1.1" 200 8241
INFO 2020-05-23 11:03:23,507 basehttp 24075 140624173709056 "GET /static/images/arrow-down.png HTTP/1.1" 200 25650
INFO 2020-05-23 11:03:23,516 basehttp 24075 140624190494464 "GET /static/images/arrow-up.png HTTP/1.1" 200 18590
INFO 2020-05-23 11:03:27,082 basehttp 24075 140624190494464 "GET /cart/ HTTP/1.1" 200 8241
INFO 2020-05-23 11:03:36,352 basehttp 24075 140624190494464 "GET / HTTP/1.1" 200 7639
INFO 2020-05-25 13:13:50,161 autoreload 6093 139871036167936 Watching for file changes with StatReloader
INFO 2020-05-25 13:14:39,697 basehttp 6093 139870844483328 "GET / HTTP/1.1" 200 7639
INFO 2020-05-25 13:14:40,514 basehttp 6093 139870844483328 "GET /static/css/main.css HTTP/1.1" 200 1359
INFO 2020-05-25 13:14:40,528 basehttp 6093 139870827697920 "GET /images/headphones.jpg HTTP/1.1" 200 10782
INFO 2020-05-25 13:14:40,539 basehttp 6093 139870836090624 "GET /static/images/cart.png HTTP/1.1" 200 92001
INFO 2020-05-25 13:14:41,446 basehttp 6093 139870844483328 "GET /static/js/cart.js HTTP/1.1" 200 1422
INFO 2020-05-25 13:14:41,472 basehttp 6093 139870827697920 "GET /images/book.jpg HTTP/1.1" 200 22934
INFO 2020-05-25 13:14:41,974 basehttp 6093 139870819305216 "GET /images/sourcecode.jpg HTTP/1.1" 200 22689
INFO 2020-05-25 13:14:42,008 basehttp 6093 139870810912512 "GET /images/shirt_HB0lGx0.jpg HTTP/1.1" 200 18895
INFO 2020-05-25 13:14:42,030 basehttp 6093 139870844483328 "GET /images/watch.jpg HTTP/1.1" 200 12779
INFO 2020-05-25 13:14:42,074 basehttp 6093 139870802519808 "GET /images/shoes.jpg HTTP/1.1" 200 29593
WARNING 2020-05-25 13:14:43,880 log 6093 139870802519808 Not Found: /favicon.ico
WARNING 2020-05-25 13:14:43,883 basehttp 6093 139870802519808 "GET /favicon.ico HTTP/1.1" 404 2966
INFO 2020-05-25 13:14:44,185 basehttp 6093 139870810912512 "GET / HTTP/1.1" 200 7639
INFO 2020-05-25 13:14:51,373 basehttp 6093 139870810912512 "GET /cart/ HTTP/1.1" 200 7406
INFO 2020-05-25 13:14:52,349 basehttp 6093 139870810912512 "GET /static/images/arrow-up.png HTTP/1.1" 200 18590
INFO 2020-05-25 13:14:52,360 basehttp 6093 139870802519808 "GET /static/images/arrow-down.png HTTP/1.1" 200 25650
INFO 2020-05-25 13:14:55,122 basehttp 6093 139870802519808 "GET /cart/ HTTP/1.1" 200 7406
INFO 2020-05-25 13:14:59,836 basehttp 6093 139870802519808 "GET /cart/ HTTP/1.1" 200 7406
INFO 2020-05-25 13:15:02,029 basehttp 6093 139870802519808 "GET /checkout/ HTTP/1.1" 200 10910
INFO 2020-05-25 13:15:20,779 basehttp 6093 139870802519808 "GET / HTTP/1.1" 200 7639
INFO 2020-05-28 11:54:02,358 autoreload 8078 140526219527936 Watching for file changes with StatReloader
INFO 2020-05-28 11:57:12,239 autoreload 8305 139959219148544 Watching for file changes with StatReloader
INFO 2020-05-28 11:58:37,324 autoreload 8305 139959219148544 /home/mieone/Downloads/django-ecommerce/ecommerce/ecommerce/urls.py changed, reloading.
INFO 2020-05-28 11:58:37,958 autoreload 8344 140055916508928 Watching for file changes with StatReloader
INFO 2020-05-28 11:58:40,299 autoreload 8344 140055916508928 /home/mieone/Downloads/django-ecommerce/ecommerce/ecommerce/urls.py changed, reloading.
INFO 2020-05-28 11:58:40,902 autoreload 8352 140400403605248 Watching for file changes with StatReloader
INFO 2020-05-28 11:59:04,570 autoreload 8352 140400403605248 /home/mieone/Downloads/django-ecommerce/ecommerce/ecommerce/urls.py changed, reloading.
INFO 2020-05-28 11:59:05,078 autoreload 8435 140420945311488 Watching for file changes with StatReloader
INFO 2020-05-28 12:00:05,839 autoreload 8435 140420945311488 /home/mieone/Downloads/django-ecommerce/ecommerce/accounts/forms.py changed, reloading.
INFO 2020-05-28 12:00:06,355 autoreload 8480 140072090060544 Watching for file changes with StatReloader
INFO 2020-05-28 12:00:23,593 autoreload 8480 140072090060544 /home/mieone/Downloads/django-ecommerce/ecommerce/accounts/filters.py changed, reloading.
INFO 2020-05-28 12:00:24,127 autoreload 8504 140412284684032 Watching for file changes with StatReloader
INFO 2020-05-28 12:00:35,072 autoreload 8535 140581580138240 Watching for file changes with StatReloader
INFO 2020-05-28 12:00:51,235 autoreload 8535 140581580138240 /home/mieone/Downloads/django-ecommerce/ecommerce/accounts/views.py changed, reloading.
INFO 2020-05-28 12:00:51,796 autoreload 8550 140365127526144 Watching for file changes with StatReloader
INFO 2020-05-28 12:01:09,596 basehttp 8550 140365010695936 "GET / HTTP/1.1" 200 7639
INFO 2020-05-28 12:01:09,712 basehttp 8550 140365002303232 "GET /images/headphones.jpg HTTP/1.1" 200 10782
INFO 2020-05-28 12:01:09,722 basehttp 8550 140365010695936 "GET /static/images/cart.png HTTP/1.1" 200 92001
INFO 2020-05-28 12:01:09,735 basehttp 8550 140365010695936 "GET /static/css/main.css HTTP/1.1" 304 0
INFO 2020-05-28 12:01:09,802 basehttp 8550 140365010695936 "GET /static/js/cart.js HTTP/1.1" 200 1422
INFO 2020-05-28 12:01:09,811 basehttp 8550 140364984993536 "GET /images/watch.jpg HTTP/1.1" 200 12779
INFO 2020-05-28 12:01:09,813 basehttp 8550 140365002303232 "GET /images/book.jpg HTTP/1.1" 200 22934
INFO 2020-05-28 12:01:09,813 basehttp 8550 140364976600832 "GET /images/shoes.jpg HTTP/1.1" 200 29593
INFO 2020-05-28 12:01:09,816 basehttp 8550 140364993386240 "GET /images/sourcecode.jpg HTTP/1.1" 200 22689
INFO 2020-05-28 12:01:09,830 basehttp 8550 140364631504640 "GET /images/shirt_HB0lGx0.jpg HTTP/1.1" 200 18895
WARNING 2020-05-28 12:01:10,209 log 8550 140365002303232 Not Found: /favicon.ico
WARNING 2020-05-28 12:01:10,210 basehttp 8550 140365002303232 "GET /favicon.ico HTTP/1.1" 404 3072
INFO 2020-05-28 12:01:30,581 basehttp 8550 140365002303232 "GET / HTTP/1.1" 200 7639
INFO 2020-05-28 12:01:31,735 basehttp 8550 140365002303232 "GET / HTTP/1.1" 200 7639
INFO 2020-05-28 12:01:33,213 basehttp 8550 140365002303232 "GET / HTTP/1.1" 200 7639
INFO 2020-05-28 12:01:56,675 basehttp 8550 140365002303232 "GET /accounts HTTP/1.1" 301 0
INFO 2020-05-28 12:01:56,684 basehttp 8550 140365002303232 "GET /accounts/ HTTP/1.1" 302 0
INFO 2020-05-28 12:01:56,739 basehttp 8550 140365002303232 "GET /accounts/accounts/login/?next=/accounts/ HTTP/1.1" 200 3944
INFO 2020-05-28 12:02:03,597 basehttp 8550 140365002303232 "GET /accounts/register/ HTTP/1.1" 200 4940
INFO 2020-05-28 12:02:26,880 basehttp 8550 140365002303232 "POST /accounts/register/ HTTP/1.1" 200 5114
INFO 2020-05-28 12:02:41,548 basehttp 8550 140365002303232 "POST /accounts/register/ HTTP/1.1" 200 5216
INFO 2020-05-28 12:03:02,590 basehttp 8550 140365002303232 "POST /accounts/register/ HTTP/1.1" 302 0
INFO 2020-05-28 12:03:02,613 basehttp 8550 140365002303232 "GET /accounts/accounts/login/ HTTP/1.1" 200 4159
INFO 2020-05-28 12:03:17,431 basehttp 8550 140365002303232 "POST /accounts/accounts/login/ HTTP/1.1" 302 0
ERROR 2020-05-28 12:03:17,593 log 8550 140365002303232 Internal Server Error: /accounts/
Traceback (most recent call last):
  File "/home/mieone/.local/share/virtualenvs/django-ecommerce-bxsz0kYI/lib/python3.7/site-packages/django/core/handlers/exception.py", line 34, in inner
    response = get_response(request)
  File "/home/mieone/.local/share/virtualenvs/django-ecommerce-bxsz0kYI/lib/python3.7/site-packages/django/core/handlers/base.py", line 126, in _get_response
    "returned None instead." % (callback.__module__, view_name)
ValueError: The view accounts.decorators.wrapper_function didn't return an HttpResponse object. It returned None instead.
ERROR 2020-05-28 12:03:17,594 basehttp 8550 140365002303232 "GET /accounts/ HTTP/1.1" 500 60451
INFO 2020-05-28 12:04:04,335 autoreload 8550 140365127526144 /home/mieone/Downloads/django-ecommerce/ecommerce/accounts/decorators.py changed, reloading.
INFO 2020-05-28 12:04:04,982 autoreload 8747 139780499146496 Watching for file changes with StatReloader
INFO 2020-05-28 12:04:52,071 autoreload 8747 139780499146496 /home/mieone/Downloads/django-ecommerce/ecommerce/accounts/views.py changed, reloading.
INFO 2020-05-28 12:04:52,598 autoreload 8838 139689883150080 Watching for file changes with StatReloader
INFO 2020-05-28 12:05:12,974 autoreload 8838 139689883150080 /home/mieone/Downloads/django-ecommerce/ecommerce/accounts/decorators.py changed, reloading.
INFO 2020-05-28 12:05:13,470 autoreload 8860 139878590789376 Watching for file changes with StatReloader
INFO 2020-05-28 12:05:42,675 basehttp 8860 139878406731520 "GET /admin HTTP/1.1" 301 0
INFO 2020-05-28 12:05:42,719 basehttp 8860 139878406731520 "GET /admin/ HTTP/1.1" 302 0
INFO 2020-05-28 12:05:42,939 basehttp 8860 139878406731520 "GET /admin/login/?next=/admin/ HTTP/1.1" 200 2071
INFO 2020-05-28 12:05:43,134 basehttp 8860 139878406731520 "GET /static/admin/css/base.css HTTP/1.1" 304 0
INFO 2020-05-28 12:05:43,134 basehttp 8860 139878398338816 "GET /static/admin/css/responsive.css HTTP/1.1" 304 0
INFO 2020-05-28 12:05:43,144 basehttp 8860 139878398338816 "GET /static/admin/css/login.css HTTP/1.1" 304 0
INFO 2020-05-28 12:05:43,179 basehttp 8860 139878406731520 "GET /static/admin/css/fonts.css HTTP/1.1" 304 0
INFO 2020-05-28 12:05:43,315 basehttp 8860 139878398338816 "GET /static/admin/fonts/Roboto-Bold-webfont.woff HTTP/1.1" 304 0
INFO 2020-05-28 12:05:43,333 basehttp 8860 139878398338816 "GET /static/admin/fonts/Roboto-Regular-webfont.woff HTTP/1.1" 304 0
INFO 2020-05-28 12:05:43,349 basehttp 8860 139878406731520 "GET /static/admin/fonts/Roboto-Light-webfont.woff HTTP/1.1" 304 0
INFO 2020-05-28 12:05:54,317 basehttp 8860 139878398338816 "POST /admin/login/?next=/admin/ HTTP/1.1" 302 0
INFO 2020-05-28 12:05:54,351 basehttp 8860 139878398338816 "GET /admin/ HTTP/1.1" 200 8463
INFO 2020-05-28 12:05:54,447 basehttp 8860 139878398338816 "GET /static/admin/css/dashboard.css HTTP/1.1" 304 0
INFO 2020-05-28 12:05:54,551 basehttp 8860 139878406731520 "GET /static/admin/img/icon-changelink.svg HTTP/1.1" 304 0
INFO 2020-05-28 12:05:54,553 basehttp 8860 139878398338816 "GET /static/admin/img/icon-addlink.svg HTTP/1.1" 304 0
INFO 2020-05-28 12:06:39,106 basehttp 8860 139878398338816 "GET /admin/ HTTP/1.1" 200 8463
INFO 2020-05-28 12:06:43,680 basehttp 8860 139878398338816 "GET /admin/auth/group/ HTTP/1.1" 200 3506
INFO 2020-05-28 12:06:43,741 basehttp 8860 139878387848960 "GET /static/admin/css/changelists.css HTTP/1.1" 304 0
INFO 2020-05-28 12:06:43,803 basehttp 8860 139878379456256 "GET /static/admin/js/jquery.init.js HTTP/1.1" 304 0
INFO 2020-05-28 12:06:43,805 basehttp 8860 139878371063552 "GET /static/admin/js/core.js HTTP/1.1" 304 0
INFO 2020-05-28 12:06:43,807 basehttp 8860 139878379456256 "GET /static/admin/js/actions.js HTTP/1.1" 304 0
INFO 2020-05-28 12:06:43,815 basehttp 8860 139878387848960 "GET /static/admin/js/admin/RelatedObjectLookups.js HTTP/1.1" 304 0
INFO 2020-05-28 12:06:43,826 basehttp 8860 139878398338816 "GET /admin/jsi18n/ HTTP/1.1" 200 3223
INFO 2020-05-28 12:06:43,863 basehttp 8860 139878387848960 "GET /static/admin/js/vendor/xregexp/xregexp.js HTTP/1.1" 304 0
INFO 2020-05-28 12:06:43,887 basehttp 8860 139878398338816 "GET /static/admin/js/prepopulate.js HTTP/1.1" 304 0
INFO 2020-05-28 12:06:43,897 basehttp 8860 139878379456256 "GET /static/admin/js/urlify.js HTTP/1.1" 304 0
INFO 2020-05-28 12:06:43,947 basehttp 8860 139878406731520 "GET /static/admin/js/vendor/jquery/jquery.js HTTP/1.1" 200 280364
INFO 2020-05-28 12:06:43,947 basehttp 8860 139878398338816 "GET /static/admin/img/search.svg HTTP/1.1" 200 458
INFO 2020-05-28 12:06:44,082 basehttp 8860 139878398338816 "GET /static/admin/img/tooltag-add.svg HTTP/1.1" 304 0
INFO 2020-05-28 12:06:46,487 basehttp 8860 139878398338816 "GET /admin/auth/group/add/ HTTP/1.1" 200 7969
INFO 2020-05-28 12:06:46,548 basehttp 8860 139878398338816 "GET /admin/jsi18n/ HTTP/1.1" 200 3223
INFO 2020-05-28 12:06:46,567 basehttp 8860 139878379456256 "GET /static/admin/js/prepopulate_init.js HTTP/1.1" 304 0
INFO 2020-05-28 12:06:46,575 basehttp 8860 139878398338816 "GET /static/admin/css/forms.css HTTP/1.1" 304 0
INFO 2020-05-28 12:06:46,584 basehttp 8860 139878406731520 "GET /static/admin/js/SelectBox.js HTTP/1.1" 200 5753
INFO 2020-05-28 12:06:46,585 basehttp 8860 139878387848960 "GET /static/admin/js/SelectFilter2.js HTTP/1.1" 200 12318
INFO 2020-05-28 12:06:46,594 basehttp 8860 139878387848960 "GET /static/admin/js/change_form.js HTTP/1.1" 304 0
INFO 2020-05-28 12:06:46,645 basehttp 8860 139878387848960 "GET /static/admin/css/widgets.css HTTP/1.1" 304 0
INFO 2020-05-28 12:06:46,874 basehttp 8860 139878387848960 "GET /static/admin/img/icon-unknown.svg HTTP/1.1" 200 655
INFO 2020-05-28 12:06:46,879 basehttp 8860 139878406731520 "GET /static/admin/img/icon-unknown-alt.svg HTTP/1.1" 200 655
INFO 2020-05-28 12:06:46,881 basehttp 8860 139878398338816 "GET /static/admin/img/selector-icons.svg HTTP/1.1" 200 3291
INFO 2020-05-28 12:07:52,813 autoreload 8860 139878590789376 /home/mieone/Downloads/django-ecommerce/ecommerce/ecommerce/settings.py changed, reloading.
INFO 2020-05-28 12:07:53,341 autoreload 9049 139737463641856 Watching for file changes with StatReloader
INFO 2020-05-28 12:08:25,930 autoreload 9085 139755332163328 Watching for file changes with StatReloader
INFO 2020-05-28 12:08:31,756 basehttp 9085 139755148277504 "GET / HTTP/1.1" 200 7631
INFO 2020-05-28 12:08:37,855 basehttp 9085 139755148277504 "GET /cart/ HTTP/1.1" 200 8229
INFO 2020-05-28 12:08:37,895 basehttp 9085 139755148277504 "GET /static/images/arrow-up.png HTTP/1.1" 200 18590
INFO 2020-05-28 12:08:37,906 basehttp 9085 139755139884800 "GET /static/images/arrow-down.png HTTP/1.1" 200 25650
INFO 2020-05-28 12:09:53,918 basehttp 9085 139755148277504 "GET /cart/ HTTP/1.1" 200 8229
INFO 2020-05-28 12:11:01,595 basehttp 9085 139755148277504 "GET /cart/ HTTP/1.1" 200 8229
INFO 2020-05-28 12:11:53,396 autoreload 9429 140420591531776 Watching for file changes with StatReloader
INFO 2020-05-28 12:11:54,647 basehttp 9429 140420475488000 "GET /cart/ HTTP/1.1" 200 8229
INFO 2020-05-28 12:12:12,304 basehttp 9429 140420475488000 "GET / HTTP/1.1" 200 7631
INFO 2020-05-28 12:12:42,688 basehttp 9429 140420475488000 "GET / HTTP/1.1" 200 7631
INFO 2020-05-28 12:12:45,371 basehttp 9429 140420475488000 "GET / HTTP/1.1" 200 7631
INFO 2020-05-28 12:12:45,405 basehttp 9429 140420475488000 "GET /static/css/main.css HTTP/1.1" 200 1359
INFO 2020-05-28 12:12:45,408 basehttp 9429 140420398970624 "GET /images/headphones.jpg HTTP/1.1" 200 10782
INFO 2020-05-28 12:12:45,409 basehttp 9429 140420387866368 "GET /static/images/cart.png HTTP/1.1" 200 92001
INFO 2020-05-28 12:12:48,070 basehttp 9429 140420475488000 "GET /static/js/cart.js HTTP/1.1" 200 1422
INFO 2020-05-28 12:12:48,087 basehttp 9429 140420475488000 "GET /images/book.jpg HTTP/1.1" 200 22934
INFO 2020-05-28 12:12:48,140 basehttp 9429 140420475488000 "GET /images/sourcecode.jpg HTTP/1.1" 200 22689
INFO 2020-05-28 12:12:48,205 basehttp 9429 140420475488000 "GET /images/watch.jpg HTTP/1.1" 200 12779
INFO 2020-05-28 12:12:48,263 basehttp 9429 140420475488000 "GET /images/shoes.jpg HTTP/1.1" 200 29593
INFO 2020-05-28 12:12:48,327 basehttp 9429 140420475488000 "GET /images/shirt_HB0lGx0.jpg HTTP/1.1" 200 18895
WARNING 2020-05-28 12:12:56,359 log 9429 140420475488000 Not Found: /favicon.ico
WARNING 2020-05-28 12:12:56,360 basehttp 9429 140420475488000 "GET /favicon.ico HTTP/1.1" 404 2963
INFO 2020-05-28 12:13:02,236 basehttp 9429 140420475488000 "GET / HTTP/1.1" 200 7631
INFO 2020-05-28 12:13:02,271 basehttp 9429 140420398970624 "GET /images/headphones.jpg HTTP/1.1" 200 10782
INFO 2020-05-28 12:13:02,272 basehttp 9429 140420475488000 "GET /static/css/main.css HTTP/1.1" 200 1359
INFO 2020-05-28 12:13:02,273 basehttp 9429 140420387866368 "GET /static/images/cart.png HTTP/1.1" 200 92001
INFO 2020-05-28 12:13:06,389 basehttp 9429 140420475488000 "GET /static/js/cart.js HTTP/1.1" 200 1422
INFO 2020-05-28 12:13:06,404 basehttp 9429 140420475488000 "GET /images/book.jpg HTTP/1.1" 200 22934
INFO 2020-05-28 12:13:06,463 basehttp 9429 140420475488000 "GET /images/sourcecode.jpg HTTP/1.1" 200 22689
INFO 2020-05-28 12:13:06,522 basehttp 9429 140420475488000 "GET /images/watch.jpg HTTP/1.1" 200 12779
INFO 2020-05-28 12:13:06,582 basehttp 9429 140420475488000 "GET /images/shoes.jpg HTTP/1.1" 200 29593
INFO 2020-05-28 12:13:06,648 basehttp 9429 140420475488000 "GET /images/shirt_HB0lGx0.jpg HTTP/1.1" 200 18895
WARNING 2020-05-28 12:13:09,080 log 9429 140420475488000 Not Found: /favicon.ico
WARNING 2020-05-28 12:13:09,080 basehttp 9429 140420475488000 "GET /favicon.ico HTTP/1.1" 404 2963
INFO 2020-05-28 12:13:14,676 basehttp 9429 140420475488000 "GET / HTTP/1.1" 200 7631
INFO 2020-05-28 12:13:14,703 basehttp 9429 140420475488000 "GET /static/css/main.css HTTP/1.1" 304 0
INFO 2020-05-28 12:13:17,522 basehttp 9429 140420475488000 "GET / HTTP/1.1" 200 7631
INFO 2020-05-28 12:13:19,916 basehttp 9429 140420475488000 "GET /cart/ HTTP/1.1" 200 8229
INFO 2020-05-28 12:13:22,838 basehttp 9429 140420475488000 "GET / HTTP/1.1" 200 7631
INFO 2020-05-30 17:58:37,304 autoreload 18896 140120652773120 Watching for file changes with StatReloader
INFO 2020-05-30 17:58:42,668 autoreload 18913 140124724070144 Watching for file changes with StatReloader
INFO 2020-05-30 17:59:13,195 basehttp 18913 140124607502080 "GET / HTTP/1.1" 200 7631
INFO 2020-05-30 17:59:13,288 basehttp 18913 140124599109376 "GET /static/css/main.css HTTP/1.1" 304 0
INFO 2020-05-30 17:59:13,324 basehttp 18913 140124607502080 "GET /static/images/cart.png HTTP/1.1" 200 92001
INFO 2020-05-30 17:59:14,013 basehttp 18913 140124364986112 "GET /static/js/cart.js HTTP/1.1" 304 0
INFO 2020-05-30 17:59:14,080 basehttp 18913 140124381771520 "GET /images/shoes.jpg HTTP/1.1" 200 29593
INFO 2020-05-30 17:59:14,081 basehttp 18913 140124599109376 "GET /images/sourcecode.jpg HTTP/1.1" 200 22689
INFO 2020-05-30 17:59:14,081 basehttp 18913 140124373378816 "GET /images/shirt_HB0lGx0.jpg HTTP/1.1" 200 18895
INFO 2020-05-30 17:59:14,118 basehttp 18913 140124607502080 "GET /images/book.jpg HTTP/1.1" 200 22934
WARNING 2020-05-30 17:59:15,400 log 18913 140124607502080 Not Found: /favicon.ico
WARNING 2020-05-30 17:59:15,402 basehttp 18913 140124607502080 "GET /favicon.ico HTTP/1.1" 404 2963
INFO 2020-05-30 18:00:38,910 basehttp 18913 140124607502080 "GET / HTTP/1.1" 200 7622
INFO 2020-05-30 18:01:31,651 basehttp 18913 140124607502080 "GET / HTTP/1.1" 200 7620
INFO 2020-05-30 18:01:51,669 basehttp 18913 140124607502080 "GET / HTTP/1.1" 200 7639
INFO 2020-05-30 18:02:10,769 basehttp 18913 140124607502080 "GET / HTTP/1.1" 200 7670
INFO 2020-05-30 18:04:39,047 basehttp 18913 140124607502080 "GET / HTTP/1.1" 200 7476
INFO 2020-05-30 18:05:05,331 basehttp 18913 140124607502080 "GET / HTTP/1.1" 200 7499
INFO 2020-05-30 18:05:39,386 basehttp 18913 140124607502080 "GET / HTTP/1.1" 200 7520
INFO 2020-05-30 18:05:53,545 basehttp 18913 140124607502080 "GET / HTTP/1.1" 200 7523
INFO 2020-05-30 18:06:11,090 basehttp 18913 140124607502080 "GET / HTTP/1.1" 200 7529
INFO 2020-05-30 18:06:18,137 basehttp 18913 140124607502080 "GET / HTTP/1.1" 200 7521
INFO 2020-05-30 18:08:15,374 basehttp 18913 140124607502080 "GET / HTTP/1.1" 200 7522
INFO 2020-05-30 18:08:24,244 basehttp 18913 140124607502080 "GET / HTTP/1.1" 200 7521
INFO 2020-05-30 18:08:46,412 basehttp 18913 140124607502080 "GET / HTTP/1.1" 200 7527
INFO 2020-05-30 18:08:47,497 basehttp 18913 140124607502080 "GET / HTTP/1.1" 200 7527
INFO 2020-05-30 18:08:48,039 basehttp 18913 140124607502080 "GET / HTTP/1.1" 200 7527
INFO 2020-05-30 18:08:54,082 basehttp 18913 140124607502080 "GET / HTTP/1.1" 200 7520
INFO 2020-05-30 18:09:07,284 basehttp 18913 140124607502080 "GET / HTTP/1.1" 200 7526
WARNING 2020-05-30 18:09:11,913 log 18913 140124607502080 Not Found: /logout
WARNING 2020-05-30 18:09:11,913 basehttp 18913 140124607502080 "GET /logout HTTP/1.1" 404 2948
INFO 2020-05-30 18:09:24,704 basehttp 18913 140124607502080 "GET / HTTP/1.1" 200 7526
INFO 2020-05-30 18:12:41,602 autoreload 18913 140124724070144 /home/mieone/Downloads/django-ecommerce/ecommerce/store/urls.py changed, reloading.
INFO 2020-05-30 18:12:42,421 autoreload 20133 140040812095232 Watching for file changes with StatReloader
INFO 2020-05-30 18:13:29,008 autoreload 20133 140040812095232 /home/mieone/Downloads/django-ecommerce/ecommerce/store/views.py changed, reloading.
INFO 2020-05-30 18:13:29,523 autoreload 20220 140204195170048 Watching for file changes with StatReloader
INFO 2020-05-30 18:13:40,346 basehttp 20220 140204078601984 "GET / HTTP/1.1" 200 7526
INFO 2020-05-30 18:13:42,648 basehttp 20220 140204078601984 "GET /logout HTTP/1.1" 301 0
INFO 2020-05-30 18:13:42,765 basehttp 20220 140204078601984 "GET /logout/ HTTP/1.1" 200 4504
INFO 2020-05-30 18:13:46,019 basehttp 20220 140204078601984 "GET /cart/ HTTP/1.1" 200 8124
INFO 2020-05-30 18:13:46,075 basehttp 20220 140204070209280 "GET /static/images/arrow-down.png HTTP/1.1" 200 25650
INFO 2020-05-30 18:13:46,086 basehttp 20220 140204078601984 "GET /static/images/arrow-up.png HTTP/1.1" 200 18590
INFO 2020-05-30 18:13:49,863 basehttp 20220 140204078601984 "GET /logout/ HTTP/1.1" 200 4504
INFO 2020-05-30 18:14:37,447 basehttp 20220 140204078601984 "GET /logout/ HTTP/1.1" 200 4551
INFO 2020-05-30 18:14:43,847 basehttp 20220 140204078601984 "GET /logout/ HTTP/1.1" 200 4551
INFO 2020-05-30 18:14:46,835 basehttp 20220 140204078601984 "GET / HTTP/1.1" 200 7526
INFO 2020-05-30 18:14:48,788 basehttp 20220 140204078601984 "GET /logout/ HTTP/1.1" 200 4551
INFO 2020-05-30 18:15:01,543 basehttp 20220 140204078601984 "GET /logout/ HTTP/1.1" 200 4560
WARNING 2020-05-30 18:15:03,340 log 20220 140204078601984 Not Found: /accounts/logout
WARNING 2020-05-30 18:15:03,341 basehttp 20220 140204078601984 "GET /accounts/logout HTTP/1.1" 404 3144
INFO 2020-05-30 18:15:43,422 basehttp 20220 140204078601984 "GET /logout/ HTTP/1.1" 200 4559
WARNING 2020-05-30 18:15:45,488 log 20220 140204078601984 Not Found: /account/logout
WARNING 2020-05-30 18:15:45,490 basehttp 20220 140204078601984 "GET /account/logout HTTP/1.1" 404 3141
INFO 2020-05-30 18:16:16,573 basehttp 20220 140204078601984 "GET /logout/ HTTP/1.1" 200 4559
INFO 2020-05-30 18:16:17,971 basehttp 20220 140204078601984 "GET /logout/ HTTP/1.1" 200 4559
WARNING 2020-05-30 18:16:19,815 log 20220 140204078601984 Not Found: /account/logout
WARNING 2020-05-30 18:16:19,817 basehttp 20220 140204078601984 "GET /account/logout HTTP/1.1" 404 3141
INFO 2020-05-30 18:16:58,750 basehttp 20220 140204078601984 "GET / HTTP/1.1" 200 7526
INFO 2020-05-30 18:17:00,461 basehttp 20220 140204078601984 "GET /logout/ HTTP/1.1" 200 4561
WARNING 2020-05-30 18:17:02,098 log 20220 140204078601984 Not Found: /accounts/logout/
WARNING 2020-05-30 18:17:02,099 basehttp 20220 140204078601984 "GET /accounts/logout/ HTTP/1.1" 404 3147
INFO 2020-05-30 18:17:44,673 autoreload 20220 140204195170048 /home/mieone/Downloads/django-ecommerce/ecommerce/store/urls.py changed, reloading.
INFO 2020-05-30 18:17:45,189 autoreload 20543 140043221202688 Watching for file changes with StatReloader
INFO 2020-05-30 18:18:05,537 autoreload 20543 140043221202688 /home/mieone/Downloads/django-ecommerce/ecommerce/store/urls.py changed, reloading.
INFO 2020-05-30 18:18:06,046 autoreload 20570 139795487766272 Watching for file changes with StatReloader
INFO 2020-05-30 18:18:11,572 autoreload 20570 139795487766272 /home/mieone/Downloads/django-ecommerce/ecommerce/store/urls.py changed, reloading.
INFO 2020-05-30 18:18:12,134 autoreload 20588 140620996175616 Watching for file changes with StatReloader
INFO 2020-05-30 18:18:23,009 autoreload 20588 140620996175616 /home/mieone/Downloads/django-ecommerce/ecommerce/store/views.py changed, reloading.
INFO 2020-05-30 18:18:23,545 autoreload 20601 140363360610048 Watching for file changes with StatReloader
WARNING 2020-05-30 18:18:36,149 log 20601 140363244041984 Not Found: /accounts/logout/
WARNING 2020-05-30 18:18:36,150 basehttp 20601 140363244041984 "GET /accounts/logout/ HTTP/1.1" 404 3157
INFO 2020-05-30 18:18:42,740 basehttp 20601 140363244041984 "GET / HTTP/1.1" 200 7526
WARNING 2020-05-30 18:18:44,556 log 20601 140363244041984 Not Found: /logout/
WARNING 2020-05-30 18:18:44,557 basehttp 20601 140363244041984 "GET /logout/ HTTP/1.1" 404 3130
WARNING 2020-05-30 18:18:57,833 log 20601 140363244041984 Not Found: /logout/
WARNING 2020-05-30 18:18:57,833 basehttp 20601 140363244041984 "GET /logout/ HTTP/1.1" 404 3130
INFO 2020-05-30 18:19:01,253 basehttp 20601 140363244041984 "GET / HTTP/1.1" 200 7531
INFO 2020-05-30 18:19:03,264 basehttp 20601 140363244041984 "GET /logout_user HTTP/1.1" 301 0
INFO 2020-05-30 18:19:03,278 basehttp 20601 140363244041984 "GET /logout_user/ HTTP/1.1" 200 4566
WARNING 2020-05-30 18:19:05,917 log 20601 140363244041984 Not Found: /accounts/logout/
WARNING 2020-05-30 18:19:05,917 basehttp 20601 140363244041984 "GET /accounts/logout/ HTTP/1.1" 404 3157
WARNING 2020-05-30 18:20:56,222 log 20601 140363244041984 Not Found: /accounts/logout/
WARNING 2020-05-30 18:20:56,223 basehttp 20601 140363244041984 "GET /accounts/logout/ HTTP/1.1" 404 3157
INFO 2020-05-30 18:20:58,587 basehttp 20601 140363244041984 "GET / HTTP/1.1" 200 7531
INFO 2020-05-30 18:21:00,491 basehttp 20601 140363244041984 "GET /logout_user/ HTTP/1.1" 200 4565
WARNING 2020-05-30 18:21:01,899 log 20601 140363244041984 Not Found: /logout_user/accounts/logout/
WARNING 2020-05-30 18:21:01,899 basehttp 20601 140363244041984 "GET /logout_user/accounts/logout/ HTTP/1.1" 404 3193
INFO 2020-05-30 18:21:43,174 autoreload 20601 140363360610048 /home/mieone/Downloads/django-ecommerce/ecommerce/ecommerce/urls.py changed, reloading.
INFO 2020-05-30 18:21:43,760 autoreload 20798 139761940825856 Watching for file changes with StatReloader
INFO 2020-05-30 18:21:49,393 autoreload 20798 139761940825856 /home/mieone/Downloads/django-ecommerce/ecommerce/ecommerce/urls.py changed, reloading.
INFO 2020-05-30 18:21:49,944 autoreload 20819 140651278259968 Watching for file changes with StatReloader
WARNING 2020-05-30 18:22:04,479 log 20819 140651161429760 Not Found: /logout_user/accounts/logout/
WARNING 2020-05-30 18:22:04,480 basehttp 20819 140651161429760 "GET /logout_user/accounts/logout/ HTTP/1.1" 404 3302
INFO 2020-05-30 18:22:10,799 basehttp 20819 140651161429760 "GET / HTTP/1.1" 200 7531
INFO 2020-05-30 18:22:14,019 basehttp 20819 140651161429760 "GET /logout_user/ HTTP/1.1" 200 4565
INFO 2020-05-30 18:22:23,882 basehttp 20819 140651161429760 "GET /logout_user/ HTTP/1.1" 200 4566
INFO 2020-05-30 18:22:26,573 basehttp 20819 140651161429760 "GET /accounts/logout/ HTTP/1.1" 200 1211
INFO 2020-05-30 18:22:26,607 basehttp 20819 140651161429760 "GET /static/admin/css/base.css HTTP/1.1" 200 16378
INFO 2020-05-30 18:22:26,607 basehttp 20819 140651153037056 "GET /static/admin/css/responsive.css HTTP/1.1" 200 18052
INFO 2020-05-30 18:22:26,667 basehttp 20819 140651161429760 "GET /static/admin/css/fonts.css HTTP/1.1" 304 0
INFO 2020-05-30 18:22:26,970 basehttp 20819 140651153037056 "GET /static/admin/fonts/Roboto-Light-webfont.woff HTTP/1.1" 200 85692
INFO 2020-05-30 18:22:26,987 basehttp 20819 140651161429760 "GET /static/admin/fonts/Roboto-Regular-webfont.woff HTTP/1.1" 200 85876
INFO 2020-05-30 18:22:32,369 basehttp 20819 140651161429760 "GET /admin/ HTTP/1.1" 302 0
INFO 2020-05-30 18:22:32,539 basehttp 20819 140651161429760 "GET /admin/login/?next=/admin/ HTTP/1.1" 200 1917
INFO 2020-05-30 18:22:32,666 basehttp 20819 140651161429760 "GET /static/admin/css/login.css HTTP/1.1" 304 0
INFO 2020-05-30 18:22:52,951 basehttp 20819 140651161429760 "POST /admin/login/?next=/admin/ HTTP/1.1" 200 2093
INFO 2020-05-30 18:22:53,059 basehttp 20819 140651161429760 "GET /static/admin/fonts/Roboto-Bold-webfont.woff HTTP/1.1" 200 86184
INFO 2020-05-30 18:23:38,050 autoreload 20819 140651278259968 /home/mieone/Downloads/django-ecommerce/ecommerce/store/views.py changed, reloading.
INFO 2020-05-30 18:23:38,580 autoreload 20979 140497867839232 Watching for file changes with StatReloader
INFO 2020-05-30 18:23:43,142 basehttp 20979 140497751009024 "GET / HTTP/1.1" 200 7546
INFO 2020-05-30 18:23:49,721 basehttp 20979 140497751009024 "GET / HTTP/1.1" 200 7546
INFO 2020-05-30 18:23:54,728 basehttp 20979 140497751009024 "GET /admin/ HTTP/1.1" 302 0
INFO 2020-05-30 18:23:54,772 basehttp 20979 140497751009024 "GET /admin/login/?next=/admin/ HTTP/1.1" 200 1917
INFO 2020-05-30 18:24:04,024 basehttp 20979 140497751009024 "POST /admin/login/?next=/admin/ HTTP/1.1" 302 0
INFO 2020-05-30 18:24:07,611 basehttp 20979 140497751009024 "GET /admin/login/?next=/admin/ HTTP/1.1" 302 0
INFO 2020-05-30 18:24:07,857 basehttp 20979 140497751009024 "GET /admin/ HTTP/1.1" 200 8463
INFO 2020-05-30 18:24:08,082 basehttp 20979 140497751009024 "GET /static/admin/css/dashboard.css HTTP/1.1" 304 0
INFO 2020-05-30 18:24:08,116 basehttp 20979 140497751009024 "GET /static/admin/img/icon-changelink.svg HTTP/1.1" 304 0
INFO 2020-05-30 18:24:08,133 basehttp 20979 140497742616320 "GET /static/admin/img/icon-addlink.svg HTTP/1.1" 304 0
INFO 2020-05-30 18:24:09,771 basehttp 20979 140497751009024 "GET / HTTP/1.1" 200 7531
INFO 2020-05-30 18:24:14,855 basehttp 20979 140497751009024 "GET /logout_user/ HTTP/1.1" 200 4566
INFO 2020-05-30 18:24:17,166 basehttp 20979 140497751009024 "GET /accounts/logout/ HTTP/1.1" 200 1211
INFO 2020-05-30 18:24:35,726 autoreload 20979 140497867839232 /home/mieone/Downloads/django-ecommerce/ecommerce/store/views.py changed, reloading.
INFO 2020-05-30 18:24:36,217 autoreload 21077 139707211306752 Watching for file changes with StatReloader
INFO 2020-05-30 18:25:41,704 basehttp 21077 139707027216128 "GET / HTTP/1.1" 200 7546
INFO 2020-05-30 18:25:48,398 basehttp 21077 139707027216128 "GET /admin/login/?next=/admin/ HTTP/1.1" 200 1917
INFO 2020-05-30 18:25:54,796 basehttp 21077 139707027216128 "POST /admin/login/?next=/admin/ HTTP/1.1" 302 0
INFO 2020-05-30 18:25:54,835 basehttp 21077 139707027216128 "GET /admin/ HTTP/1.1" 200 8463
INFO 2020-05-30 18:25:56,911 basehttp 21077 139707027216128 "GET / HTTP/1.1" 200 7531
INFO 2020-05-30 18:25:59,886 basehttp 21077 139707027216128 "GET /logout_user/ HTTP/1.1" 200 4566
INFO 2020-05-30 18:26:44,294 basehttp 21077 139707027216128 "GET /logout_user/ HTTP/1.1" 200 4574
INFO 2020-05-30 18:26:48,173 basehttp 21077 139707027216128 "GET /accounts/logout/?next=%27/%27 HTTP/1.1" 302 0
WARNING 2020-05-30 18:26:48,198 log 21077 139707027216128 Not Found: /accounts/logout/'/'
WARNING 2020-05-30 18:26:48,198 basehttp 21077 139707027216128 "GET /accounts/logout/'/' HTTP/1.1" 404 4771
INFO 2020-05-30 18:27:12,453 basehttp 21077 139707027216128 "GET / HTTP/1.1" 200 7546
INFO 2020-05-30 18:27:20,909 basehttp 21077 139707027216128 "GET /admin/ HTTP/1.1" 302 0
INFO 2020-05-30 18:27:20,930 basehttp 21077 139707027216128 "GET /admin/login/?next=/admin/ HTTP/1.1" 200 1917
INFO 2020-05-30 18:27:30,277 basehttp 21077 139707027216128 "POST /admin/login/?next=/admin/ HTTP/1.1" 302 0
INFO 2020-05-30 18:27:30,313 basehttp 21077 139707027216128 "GET /admin/ HTTP/1.1" 200 8463
INFO 2020-05-30 18:27:32,342 basehttp 21077 139707027216128 "GET / HTTP/1.1" 200 7531
INFO 2020-05-30 18:27:34,960 basehttp 21077 139707027216128 "GET /logout_user/ HTTP/1.1" 200 4572
INFO 2020-05-30 18:27:40,226 basehttp 21077 139707027216128 "GET /accounts/logout/?next=/ HTTP/1.1" 302 0
INFO 2020-05-30 18:27:40,261 basehttp 21077 139707027216128 "GET / HTTP/1.1" 200 7546
INFO 2020-05-30 18:27:49,267 basehttp 21077 139707027216128 "GET / HTTP/1.1" 200 7546
INFO 2020-05-30 18:28:07,849 basehttp 21077 139707027216128 "GET /accounts/login HTTP/1.1" 301 0
ERROR 2020-05-30 18:28:08,111 log 21077 139707027216128 Internal Server Error: /accounts/login/
Traceback (most recent call last):
  File "/home/mieone/.local/share/virtualenvs/django-ecommerce-bxsz0kYI/lib/python3.7/site-packages/django/core/handlers/exception.py", line 34, in inner
    response = get_response(request)
  File "/home/mieone/.local/share/virtualenvs/django-ecommerce-bxsz0kYI/lib/python3.7/site-packages/django/core/handlers/base.py", line 145, in _get_response
    response = self.process_exception_by_middleware(e, request)
  File "/home/mieone/.local/share/virtualenvs/django-ecommerce-bxsz0kYI/lib/python3.7/site-packages/django/core/handlers/base.py", line 143, in _get_response
    response = response.render()
  File "/home/mieone/.local/share/virtualenvs/django-ecommerce-bxsz0kYI/lib/python3.7/site-packages/django/template/response.py", line 105, in render
    self.content = self.rendered_content
  File "/home/mieone/.local/share/virtualenvs/django-ecommerce-bxsz0kYI/lib/python3.7/site-packages/django/template/response.py", line 81, in rendered_content
    template = self.resolve_template(self.template_name)
  File "/home/mieone/.local/share/virtualenvs/django-ecommerce-bxsz0kYI/lib/python3.7/site-packages/django/template/response.py", line 63, in resolve_template
    return select_template(template, using=self.using)
  File "/home/mieone/.local/share/virtualenvs/django-ecommerce-bxsz0kYI/lib/python3.7/site-packages/django/template/loader.py", line 47, in select_template
    raise TemplateDoesNotExist(', '.join(template_name_list), chain=chain)
django.template.exceptions.TemplateDoesNotExist: registration/login.html
ERROR 2020-05-30 18:28:08,111 basehttp 21077 139707027216128 "GET /accounts/login/ HTTP/1.1" 500 83797
INFO 2020-05-30 18:28:13,402 basehttp 21077 139707027216128 "GET / HTTP/1.1" 200 7546
